<?xml version="1.0" encoding="UTF-8"?>
<!-- Generated by org.testng.reporters.JUnitXMLReporter -->
<testsuite ignored="1" hostname="DESKTOP-KKA1PG4" failures="0" tests="2" name="Submit Order Test" time="28.561" errors="0" timestamp="2025-04-23T13:42:51 IST">
  <testcase classname="SDesai.tests.SubmitOrder" name="submitOrder" time="4.015"/>
  <testcase classname="SDesai.tests.SubmitOrder" name="submitOrder" time="3.594"/>
  <testcase classname="SDesai.tests.SubmitOrder" name="orderHistoryTest" time="0.0">
    <ignored/>
  </testcase> <!-- orderHistoryTest -->
</testsuite> <!-- Submit Order Test -->
