<?xml version="1.0" encoding="UTF-8"?>
<!-- Generated by org.testng.reporters.JUnitXMLReporter -->
<testsuite ignored="1" hostname="DESKTOP-KKA1PG4" failures="0" tests="1" name="Error Validation Test" time="31.725" errors="0" timestamp="2025-04-23T14:27:42 IST">
  <testcase classname="SDesai.tests.ErrorValidation" name="loginErrorValidation" time="1.561"/>
  <testcase classname="SDesai.tests.ErrorValidation" name="productErrorValidation" time="0.0">
    <ignored/>
  </testcase> <!-- productErrorValidation -->
</testsuite> <!-- Error Validation Test -->
