<?xml version="1.0" encoding="UTF-8"?>
<!-- Generated by org.testng.reporters.JUnitXMLReporter -->
<testsuite ignored="0" hostname="DESKTOP-KKA1PG4" failures="0" tests="3" name="Submit Order Test" time="48.127" errors="0" timestamp="2025-04-21T17:41:42 IST">
  <testcase classname="SDesai.tests.SubmitOrder" name="submitOrder" time="9.174"/>
  <testcase classname="SDesai.tests.SubmitOrder" name="submitOrder" time="8.92"/>
  <testcase classname="SDesai.tests.SubmitOrder" name="orderHistoryTest" time="1.112"/>
</testsuite> <!-- Submit Order Test -->
