<?xml version="1.0" encoding="UTF-8"?>
<testng-results ignored="3" total="4" passed="1" failed="0" skipped="0">
  <reporter-output>
  </reporter-output>
  <suite started-at="2025-04-23T14:27:11 IST" name="Suite" finished-at="2025-04-23T14:27:42 IST" duration-ms="31738">
    <groups>
      <group name="errorhandling">
        <method signature="ErrorValidation.loginErrorValidation()[pri:0, instance:SDesai.tests.ErrorValidation@40a4337a]" name="loginErrorValidation" class="SDesai.tests.ErrorValidation"/>
      </group> <!-- errorhandling -->
    </groups>
    <test started-at="2025-04-23T14:27:11 IST" name="Submit Order Test" finished-at="2025-04-23T14:27:11 IST" duration-ms="27">
    </test> <!-- Submit Order Test -->
    <test started-at="2025-04-23T14:27:11 IST" name="Error Validation Test" finished-at="2025-04-23T14:27:42 IST" duration-ms="31725">
      <class name="SDesai.tests.ErrorValidation">
        <test-method is-config="true" signature="launchApp()[pri:0, instance:SDesai.tests.ErrorValidation@40a4337a]" started-at="2025-04-23T14:27:11 IST" name="launchApp" finished-at="2025-04-23T14:27:38 IST" duration-ms="27592" status="PASS">
          <reporter-output>
          </reporter-output>
        </test-method> <!-- launchApp -->
        <test-method signature="loginErrorValidation()[pri:0, instance:SDesai.tests.ErrorValidation@40a4337a]" started-at="2025-04-23T14:27:38 IST" name="loginErrorValidation" finished-at="2025-04-23T14:27:40 IST" duration-ms="1561" status="PASS">
          <reporter-output>
          </reporter-output>
        </test-method> <!-- loginErrorValidation -->
        <test-method is-config="true" signature="tearDown()[pri:0, instance:SDesai.tests.ErrorValidation@40a4337a]" started-at="2025-04-23T14:27:40 IST" name="tearDown" finished-at="2025-04-23T14:27:42 IST" duration-ms="2447" status="PASS">
          <reporter-output>
          </reporter-output>
        </test-method> <!-- tearDown -->
      </class> <!-- SDesai.tests.ErrorValidation -->
    </test> <!-- Error Validation Test -->
  </suite> <!-- Suite -->
</testng-results>
