<?xml version="1.0" encoding="UTF-8"?>
<testng-results ignored="3" total="5" passed="2" failed="0" skipped="0">
  <reporter-output>
  </reporter-output>
  <suite started-at="2025-04-23T13:42:22 IST" name="Suite" finished-at="2025-04-23T13:42:51 IST" duration-ms="28561">
    <groups>
      <group name="purchase">
        <method signature="SubmitOrder.submitOrder(java.util.HashMap)[pri:0, instance:SDesai.tests.SubmitOrder@24269709]" name="submitOrder" class="SDesai.tests.SubmitOrder"/>
      </group> <!-- purchase -->
    </groups>
    <test started-at="2025-04-23T13:42:22 IST" name="Error Validation Test" finished-at="2025-04-23T13:42:22 IST" duration-ms="25">
    </test> <!-- Error Validation Test -->
    <test started-at="2025-04-23T13:42:22 IST" name="Submit Order Test" finished-at="2025-04-23T13:42:51 IST" duration-ms="28561">
      <class name="SDesai.tests.SubmitOrder">
        <test-method is-config="true" signature="launchApp()[pri:0, instance:SDesai.tests.SubmitOrder@24269709]" started-at="2025-04-23T13:42:23 IST" name="launchApp" finished-at="2025-04-23T13:42:35 IST" duration-ms="12501" status="PASS">
          <reporter-output>
          </reporter-output>
        </test-method> <!-- launchApp -->
        <test-method signature="submitOrder(java.util.HashMap)[pri:0, instance:SDesai.tests.SubmitOrder@24269709]" started-at="2025-04-23T13:42:35 IST" name="submitOrder" data-provider="getData" finished-at="2025-04-23T13:42:39 IST" duration-ms="4015" status="PASS">
          <params>
            <param index="0">
              <value>
                <![CDATA[{password=Abc@1234, product=ZARA COAT 3, email=sd@abc.com}]]>
              </value>
            </param>
          </params>
          <reporter-output>
          </reporter-output>
        </test-method> <!-- submitOrder -->
        <test-method is-config="true" signature="tearDown()[pri:0, instance:SDesai.tests.SubmitOrder@24269709]" started-at="2025-04-23T13:42:39 IST" name="tearDown" finished-at="2025-04-23T13:42:41 IST" duration-ms="1242" status="PASS">
          <reporter-output>
          </reporter-output>
        </test-method> <!-- tearDown -->
        <test-method is-config="true" signature="launchApp()[pri:0, instance:SDesai.tests.SubmitOrder@24269709]" started-at="2025-04-23T13:42:41 IST" name="launchApp" finished-at="2025-04-23T13:42:46 IST" duration-ms="5641" status="PASS">
          <reporter-output>
          </reporter-output>
        </test-method> <!-- launchApp -->
        <test-method signature="submitOrder(java.util.HashMap)[pri:0, instance:SDesai.tests.SubmitOrder@24269709]" started-at="2025-04-23T13:42:46 IST" name="submitOrder" data-provider="getData" finished-at="2025-04-23T13:42:50 IST" duration-ms="3594" status="PASS">
          <params>
            <param index="0">
              <value>
                <![CDATA[{password=Abc@1234, product=ZARA COAT 3, email=ss@abc.com}]]>
              </value>
            </param>
          </params>
          <reporter-output>
          </reporter-output>
        </test-method> <!-- submitOrder -->
        <test-method is-config="true" signature="tearDown()[pri:0, instance:SDesai.tests.SubmitOrder@24269709]" started-at="2025-04-23T13:42:50 IST" name="tearDown" finished-at="2025-04-23T13:42:51 IST" duration-ms="608" status="PASS">
          <reporter-output>
          </reporter-output>
        </test-method> <!-- tearDown -->
      </class> <!-- SDesai.tests.SubmitOrder -->
    </test> <!-- Submit Order Test -->
  </suite> <!-- Suite -->
</testng-results>
